Reading netlist file: "E:\FPGA_work\Gowin\TangNano_20k\ws2812\impl\gwsynthesis\ws2812.vg"
Parsing netlist file "E:\FPGA_work\Gowin\TangNano_20k\ws2812\impl\gwsynthesis\ws2812.vg" completed
Processing netlist completed
Reading constraint file: "E:\FPGA_work\Gowin\TangNano_20k\ws2812\src\ws2812.cst"
Physical Constraint parsed completed
Running placement......
[10%] Placement Phase 0 completed
[20%] Placement Phase 1 completed
[30%] Placement Phase 2 completed
[50%] Placement Phase 3 completed
Running routing......
[60%] Routing Phase 0 completed
[70%] Routing Phase 1 completed
[80%] Routing Phase 2 completed
WARN  (PR1014) : Generic routing resource will be used to clock signal 'clk_d' by the specified constraint. And then it may lead to the excessive delay or skew
[90%] Routing Phase 3 completed
Running timing analysis......
[95%] Timing analysis completed
Placement and routing completed
Bitstream generation in progress......
Bitstream generation completed
Running power analysis......
[100%] Power analysis completed
Generate file "E:\FPGA_work\Gowin\TangNano_20k\ws2812\impl\pnr\ws2812.power.html" completed
Generate file "E:\FPGA_work\Gowin\TangNano_20k\ws2812\impl\pnr\ws2812.pin.html" completed
Generate file "E:\FPGA_work\Gowin\TangNano_20k\ws2812\impl\pnr\ws2812.rpt.html" completed
Generate file "E:\FPGA_work\Gowin\TangNano_20k\ws2812\impl\pnr\ws2812.rpt.txt" completed
Generate file "E:\FPGA_work\Gowin\TangNano_20k\ws2812\impl\pnr\ws2812.tr.html" completed
Wed Apr 19 21:29:56 2023

