Reading netlist file: "D:\Users\HUIP\Desktop\SD_LCD480_DDR3\impl\gwsynthesis\SD_LCD480_DDR3.vg"
Parsing netlist file "D:\Users\HUIP\Desktop\SD_LCD480_DDR3\impl\gwsynthesis\SD_LCD480_DDR3.vg" completed
Processing netlist completed
Reading constraint file: "D:\Users\HUIP\Desktop\SD_LCD480_DDR3\src\top.cst"
Physical Constraint parsed completed
Running placement......
[10%] Placement Phase 0 completed
[20%] Placement Phase 1 completed
[30%] Placement Phase 2 completed
WARN  (TA1117) : Can't calculate clocks' relationship between: "DDR3_Memory_Interface_Top_inst/gw3_top/i4/fclkdiv/CLKOUT.default_gen_clk" and "sys_pll_m0/rpll_inst/CLKOUT.default_gen_clk"
WARN  (TA1117) : Can't calculate clocks' relationship between: "sys_pll_m0/rpll_inst/CLKOUT.default_gen_clk" and "DDR3_Memory_Interface_Top_inst/gw3_top/i4/fclkdiv/CLKOUT.default_gen_clk"
WARN  (TA1117) : Can't calculate clocks' relationship between: "sys_pll_m0/rpll_inst/CLKOUT.default_gen_clk" and "mem_clk"
[50%] Placement Phase 3 completed
Running routing......
[60%] Routing Phase 0 completed
[70%] Routing Phase 1 completed
[80%] Routing Phase 2 completed
[90%] Routing Phase 3 completed
Running timing analysis......
[95%] Timing analysis completed
Placement and routing completed
Bitstream generation in progress......
Bitstream generation completed
Running power analysis......
[100%] Power analysis completed
Generate file "D:\Users\HUIP\Desktop\SD_LCD480_DDR3\impl\pnr\SD_LCD480_DDR3.power.html" completed
Generate file "D:\Users\HUIP\Desktop\SD_LCD480_DDR3\impl\pnr\SD_LCD480_DDR3.pin.html" completed
Generate file "D:\Users\HUIP\Desktop\SD_LCD480_DDR3\impl\pnr\SD_LCD480_DDR3.rpt.html" completed
Generate file "D:\Users\HUIP\Desktop\SD_LCD480_DDR3\impl\pnr\SD_LCD480_DDR3.rpt.txt" completed
Generate file "D:\Users\HUIP\Desktop\SD_LCD480_DDR3\impl\pnr\SD_LCD480_DDR3.tr.html" completed
Sun Oct 02 18:42:30 2022

