GowinSynthesis start
Running parser ...
Analyzing Verilog file 'D:\Users\HUIP\Desktop\WS2812\src\top.v'
Compiling module 'top'("D:\Users\HUIP\Desktop\WS2812\src\top.v":2)
WARN  (EX3791) : Expression size 6 truncated to fit in target size 5("D:\Users\HUIP\Desktop\WS2812\src\top.v":53)
WARN  (EX3791) : Expression size 6 truncated to fit in target size 5("D:\Users\HUIP\Desktop\WS2812\src\top.v":86)
WARN  (EX3791) : Expression size 6 truncated to fit in target size 5("D:\Users\HUIP\Desktop\WS2812\src\top.v":95)
NOTE  (EX0101) : Current top module is "top"
[5%] Running netlist conversion ...
Running device independent optimization ...
[10%] Optimizing Phase 0 completed
[15%] Optimizing Phase 1 completed
[25%] Optimizing Phase 2 completed
Running inference ...
[30%] Inferring Phase 0 completed
[40%] Inferring Phase 1 completed
[50%] Inferring Phase 2 completed
[55%] Inferring Phase 3 completed
Running technical mapping ...
[60%] Tech-Mapping Phase 0 completed
[65%] Tech-Mapping Phase 1 completed
[75%] Tech-Mapping Phase 2 completed
[80%] Tech-Mapping Phase 3 completed
[90%] Tech-Mapping Phase 4 completed
[95%] Generate netlist file "D:\Users\HUIP\Desktop\WS2812\impl\gwsynthesis\WS2812.vg" completed
[100%] Generate report file "D:\Users\HUIP\Desktop\WS2812\impl\gwsynthesis\WS2812_syn.rpt.html" completed
GowinSynthesis finish
