Reading netlist file: "E:\EP4CE6F17C8\module\GOWIN\OV5640_LCD800_DDR3\impl\gwsynthesis\top.vg"
Parsing netlist file "E:\EP4CE6F17C8\module\GOWIN\OV5640_LCD800_DDR3\impl\gwsynthesis\top.vg" completed
Processing netlist completed
Reading constraint file: "E:\EP4CE6F17C8\module\GOWIN\OV5640_LCD800_DDR3\src\top.cst"
Physical Constraint parsed completed
Running placement......
[10%] Placement Phase 0 completed
[20%] Placement Phase 1 completed
[30%] Placement Phase 2 completed
[50%] Placement Phase 3 completed
Running routing......
[60%] Routing Phase 0 completed
[70%] Routing Phase 1 completed
[80%] Routing Phase 2 completed
WARN  (PR1014) : Generic routing resource will be used to clock signal 'cmos_pclk_d' by the specified constraint. And then it may lead to the excessive delay or skew
[90%] Routing Phase 3 completed
Running timing analysis......
[95%] Timing analysis completed
Placement and routing completed
Bitstream generation in progress......
Bitstream generation completed
Running power analysis......
[100%] Power analysis completed
Generate file "E:\EP4CE6F17C8\module\GOWIN\OV5640_LCD800_DDR3\impl\pnr\top.power.html" completed
Generate file "E:\EP4CE6F17C8\module\GOWIN\OV5640_LCD800_DDR3\impl\pnr\top.pin.html" completed
Generate file "E:\EP4CE6F17C8\module\GOWIN\OV5640_LCD800_DDR3\impl\pnr\top.rpt.html" completed
Generate file "E:\EP4CE6F17C8\module\GOWIN\OV5640_LCD800_DDR3\impl\pnr\top.rpt.txt" completed
Generate file "E:\EP4CE6F17C8\module\GOWIN\OV5640_LCD800_DDR3\impl\pnr\top.tr.html" completed
Fri Sep 02 20:59:49 2022

