GowinSynthesis start
Running parser ...
Analyzing Verilog file 'E:\EP4CE6F17C8\module\GOWIN\SK9822\src\top.v'
Compiling module 'top'("E:\EP4CE6F17C8\module\GOWIN\SK9822\src\top.v":1)
WARN  (EX3791) : Expression size 25 truncated to fit in target size 24("E:\EP4CE6F17C8\module\GOWIN\SK9822\src\top.v":26)
WARN  (EX3791) : Expression size 6 truncated to fit in target size 5("E:\EP4CE6F17C8\module\GOWIN\SK9822\src\top.v":40)
WARN  (EX3791) : Expression size 8 truncated to fit in target size 7("E:\EP4CE6F17C8\module\GOWIN\SK9822\src\top.v":43)
NOTE  (EX0101) : Current top module is "top"
[5%] Running netlist conversion ...
Running device independent optimization ...
[10%] Optimizing Phase 0 completed
[15%] Optimizing Phase 1 completed
[25%] Optimizing Phase 2 completed
Running inference ...
[30%] Inferring Phase 0 completed
[40%] Inferring Phase 1 completed
[50%] Inferring Phase 2 completed
[55%] Inferring Phase 3 completed
Running technical mapping ...
[60%] Tech-Mapping Phase 0 completed
[65%] Tech-Mapping Phase 1 completed
[75%] Tech-Mapping Phase 2 completed
[80%] Tech-Mapping Phase 3 completed
[90%] Tech-Mapping Phase 4 completed
[95%] Generate netlist file "E:\EP4CE6F17C8\module\GOWIN\SK9822\impl\gwsynthesis\SK9822.vg" completed
[100%] Generate report file "E:\EP4CE6F17C8\module\GOWIN\SK9822\impl\gwsynthesis\SK9822_syn.rpt.html" completed
GowinSynthesis finish
