Reading netlist file: "D:\Users\HUIP\Desktop\PMOD_LED_PWM\impl\gwsynthesis\PMOD_LED.vg"
Parsing netlist file "D:\Users\HUIP\Desktop\PMOD_LED_PWM\impl\gwsynthesis\PMOD_LED.vg" completed
Processing netlist completed
Reading constraint file: "D:\Users\HUIP\Desktop\PMOD_LED_PWM\src\top.cst"
Physical Constraint parsed completed
Running placement......
[10%] Placement Phase 0 completed
[20%] Placement Phase 1 completed
[30%] Placement Phase 2 completed
[50%] Placement Phase 3 completed
Running routing......
[60%] Routing Phase 0 completed
[70%] Routing Phase 1 completed
[80%] Routing Phase 2 completed
[90%] Routing Phase 3 completed
Running timing analysis......
[95%] Timing analysis completed
Placement and routing completed
Bitstream generation in progress......
Bitstream generation completed
Running power analysis......
[100%] Power analysis completed
Generate file "D:\Users\HUIP\Desktop\PMOD_LED_PWM\impl\pnr\PMOD_LED.power.html" completed
Generate file "D:\Users\HUIP\Desktop\PMOD_LED_PWM\impl\pnr\PMOD_LED.pin.html" completed
Generate file "D:\Users\HUIP\Desktop\PMOD_LED_PWM\impl\pnr\PMOD_LED.rpt.html" completed
Generate file "D:\Users\HUIP\Desktop\PMOD_LED_PWM\impl\pnr\PMOD_LED.rpt.txt" completed
Generate file "D:\Users\HUIP\Desktop\PMOD_LED_PWM\impl\pnr\PMOD_LED.tr.html" completed
Tue Sep 20 14:54:37 2022

