Reading netlist file: "E:\FPGA_work\GOWIN\POCKET_LAB\VGA_FlappyBird\impl\gwsynthesis\VGA_FlappyBird.vg"
Parsing netlist file "E:\FPGA_work\GOWIN\POCKET_LAB\VGA_FlappyBird\impl\gwsynthesis\VGA_FlappyBird.vg" completed
WARN  (PA1003) : Invalid parameterized value 'GW1N-9'(DEVICE) specified for instance 'm0/rpll_inst'
Processing netlist completed
Reading constraint file: "E:\FPGA_work\GOWIN\POCKET_LAB\VGA_FlappyBird\src\top.cst"
Physical Constraint parsed completed
Running placement......
[10%] Placement Phase 0 completed
[20%] Placement Phase 1 completed
[30%] Placement Phase 2 completed
[50%] Placement Phase 3 completed
Running routing......
[60%] Routing Phase 0 completed
[70%] Routing Phase 1 completed
[80%] Routing Phase 2 completed
WARN  (PR1014) : Generic routing resource will be used to clock signal 'clk_d' by the specified constraint. And then it may lead to the excessive delay or skew
[90%] Routing Phase 3 completed
Running timing analysis......
[95%] Timing analysis completed
Placement and routing completed
Bitstream generation in progress......
Bitstream generation completed
Running power analysis......
[100%] Power analysis completed
Generate file "E:\FPGA_work\GOWIN\POCKET_LAB\VGA_FlappyBird\impl\pnr\VGA_FlappyBird.power.html" completed
Generate file "E:\FPGA_work\GOWIN\POCKET_LAB\VGA_FlappyBird\impl\pnr\VGA_FlappyBird.pin.html" completed
Generate file "E:\FPGA_work\GOWIN\POCKET_LAB\VGA_FlappyBird\impl\pnr\VGA_FlappyBird.rpt.html" completed
Generate file "E:\FPGA_work\GOWIN\POCKET_LAB\VGA_FlappyBird\impl\pnr\VGA_FlappyBird.rpt.txt" completed
Generate file "E:\FPGA_work\GOWIN\POCKET_LAB\VGA_FlappyBird\impl\pnr\VGA_FlappyBird.tr.html" completed
Sat Nov 05 11:07:05 2022

