Reading netlist file: "D:\Users\HUIP\Desktop\SPI_LCD_ST7789_16bitRGB\impl\gwsynthesis\SPI_LCD_ST7789.vg"
Parsing netlist file "D:\Users\HUIP\Desktop\SPI_LCD_ST7789_16bitRGB\impl\gwsynthesis\SPI_LCD_ST7789.vg" completed
Processing netlist completed
Reading constraint file: "D:\Users\HUIP\Desktop\SPI_LCD_ST7789_16bitRGB\src\top.cst"
Physical Constraint parsed completed
Running placement......
[10%] Placement Phase 0 completed
[20%] Placement Phase 1 completed
[30%] Placement Phase 2 completed
[50%] Placement Phase 3 completed
Running routing......
[60%] Routing Phase 0 completed
[70%] Routing Phase 1 completed
[80%] Routing Phase 2 completed
[90%] Routing Phase 3 completed
Running timing analysis......
[95%] Timing analysis completed
Placement and routing completed
Bitstream generation in progress......
Bitstream generation completed
Running power analysis......
[100%] Power analysis completed
Generate file "D:\Users\HUIP\Desktop\SPI_LCD_ST7789_16bitRGB\impl\pnr\SPI_LCD_ST7789.power.html" completed
Generate file "D:\Users\HUIP\Desktop\SPI_LCD_ST7789_16bitRGB\impl\pnr\SPI_LCD_ST7789.pin.html" completed
Generate file "D:\Users\HUIP\Desktop\SPI_LCD_ST7789_16bitRGB\impl\pnr\SPI_LCD_ST7789.rpt.html" completed
Generate file "D:\Users\HUIP\Desktop\SPI_LCD_ST7789_16bitRGB\impl\pnr\SPI_LCD_ST7789.rpt.txt" completed
Generate file "D:\Users\HUIP\Desktop\SPI_LCD_ST7789_16bitRGB\impl\pnr\SPI_LCD_ST7789.tr.html" completed
Mon Oct 24 17:33:22 2022

