GowinSynthesis start
Running parser ...
Analyzing Verilog file 'D:\Users\HUIP\Desktop\SPI_LCD_ST7789_16bitRGB\src\spi_master.v'
WARN  (EX2478) : Non-net output port 'spi_cs' cannot be initialized at declaration in SystemVerilog mode("D:\Users\HUIP\Desktop\SPI_LCD_ST7789_16bitRGB\src\spi_master.v":15)
WARN  (EX2478) : Non-net output port 'spi_dc' cannot be initialized at declaration in SystemVerilog mode("D:\Users\HUIP\Desktop\SPI_LCD_ST7789_16bitRGB\src\spi_master.v":16)
WARN  (EX2478) : Non-net output port 'spi_sck' cannot be initialized at declaration in SystemVerilog mode("D:\Users\HUIP\Desktop\SPI_LCD_ST7789_16bitRGB\src\spi_master.v":17)
WARN  (EX2478) : Non-net output port 'spi_mosi' cannot be initialized at declaration in SystemVerilog mode("D:\Users\HUIP\Desktop\SPI_LCD_ST7789_16bitRGB\src\spi_master.v":19)
WARN  (EX3801) : Parameter 'CLK_DIV' becomes localparam in 'spi_master' with formal parameter declaration list("D:\Users\HUIP\Desktop\SPI_LCD_ST7789_16bitRGB\src\spi_master.v":23)
Analyzing Verilog file 'D:\Users\HUIP\Desktop\SPI_LCD_ST7789_16bitRGB\src\spi_top.sv'
WARN  (EX3801) : Parameter 'DELAY_100MS' becomes localparam in 'spi_top' with formal parameter declaration list("D:\Users\HUIP\Desktop\SPI_LCD_ST7789_16bitRGB\src\spi_top.sv":16)
WARN  (EX3801) : Parameter 'DELAY_120MS' becomes localparam in 'spi_top' with formal parameter declaration list("D:\Users\HUIP\Desktop\SPI_LCD_ST7789_16bitRGB\src\spi_top.sv":17)
WARN  (EX3801) : Parameter 'DELAY_200MS' becomes localparam in 'spi_top' with formal parameter declaration list("D:\Users\HUIP\Desktop\SPI_LCD_ST7789_16bitRGB\src\spi_top.sv":18)
WARN  (EX3801) : Parameter 'RS_DAT' becomes localparam in 'spi_top' with formal parameter declaration list("D:\Users\HUIP\Desktop\SPI_LCD_ST7789_16bitRGB\src\spi_top.sv":20)
WARN  (EX3801) : Parameter 'RS_CMD' becomes localparam in 'spi_top' with formal parameter declaration list("D:\Users\HUIP\Desktop\SPI_LCD_ST7789_16bitRGB\src\spi_top.sv":21)
WARN  (EX3801) : Parameter 'INIT_CMD_NUM' becomes localparam in 'spi_top' with formal parameter declaration list("D:\Users\HUIP\Desktop\SPI_LCD_ST7789_16bitRGB\src\spi_top.sv":23)
WARN  (EX3801) : Parameter 'DISPLAY_WIDTH' becomes localparam in 'spi_top' with formal parameter declaration list("D:\Users\HUIP\Desktop\SPI_LCD_ST7789_16bitRGB\src\spi_top.sv":24)
WARN  (EX3801) : Parameter 'DISPLAY_HEIGHT' becomes localparam in 'spi_top' with formal parameter declaration list("D:\Users\HUIP\Desktop\SPI_LCD_ST7789_16bitRGB\src\spi_top.sv":25)
WARN  (EX3801) : Parameter 'DISPLAY_NUM' becomes localparam in 'spi_top' with formal parameter declaration list("D:\Users\HUIP\Desktop\SPI_LCD_ST7789_16bitRGB\src\spi_top.sv":26)
Compiling module 'spi_top'("D:\Users\HUIP\Desktop\SPI_LCD_ST7789_16bitRGB\src\spi_top.sv":1)
Extracting RAM for identifier 'init_cmd'("D:\Users\HUIP\Desktop\SPI_LCD_ST7789_16bitRGB\src\spi_top.sv":36)
Extracting RAM for identifier 'dis_data'("D:\Users\HUIP\Desktop\SPI_LCD_ST7789_16bitRGB\src\spi_top.sv":37)
WARN  (EX2526) : Entry size 12 at D:/Users/HUIP/Desktop/SPI_LCD_ST7789_16bitRGB/src/init.txt:0 does not match memory width 9("D:\Users\HUIP\Desktop\SPI_LCD_ST7789_16bitRGB\src\spi_top.sv":42)
WARN  (EX3791) : Expression size 4 truncated to fit in target size 3("D:\Users\HUIP\Desktop\SPI_LCD_ST7789_16bitRGB\src\spi_top.sv":135)
Compiling module 'spi_master(CLK_FRE=27,SPI_FRE=100)'("D:\Users\HUIP\Desktop\SPI_LCD_ST7789_16bitRGB\src\spi_master.v":1)
WARN  (EX3791) : Expression size 11 truncated to fit in target size 10("D:\Users\HUIP\Desktop\SPI_LCD_ST7789_16bitRGB\src\spi_master.v":26)
WARN  (EX3791) : Expression size 32 truncated to fit in target size 1("D:\Users\HUIP\Desktop\SPI_LCD_ST7789_16bitRGB\src\spi_master.v":60)
WARN  (EX3791) : Expression size 3 truncated to fit in target size 2("D:\Users\HUIP\Desktop\SPI_LCD_ST7789_16bitRGB\src\spi_master.v":66)
WARN  (EX3791) : Expression size 5 truncated to fit in target size 4("D:\Users\HUIP\Desktop\SPI_LCD_ST7789_16bitRGB\src\spi_master.v":72)
NOTE  (EX0101) : Current top module is "spi_top"
[5%] Running netlist conversion ...
WARN  (CV0016) : Input spi_miso is unused("D:\Users\HUIP\Desktop\SPI_LCD_ST7789_16bitRGB\src\spi_top.sv":12)
Running device independent optimization ...
[10%] Optimizing Phase 0 completed
[15%] Optimizing Phase 1 completed
[25%] Optimizing Phase 2 completed
Running inference ...
[30%] Inferring Phase 0 completed
[40%] Inferring Phase 1 completed
[50%] Inferring Phase 2 completed
[55%] Inferring Phase 3 completed
Running technical mapping ...
[60%] Tech-Mapping Phase 0 completed
[65%] Tech-Mapping Phase 1 completed
[75%] Tech-Mapping Phase 2 completed
[80%] Tech-Mapping Phase 3 completed
[90%] Tech-Mapping Phase 4 completed
[95%] Generate netlist file "D:\Users\HUIP\Desktop\SPI_LCD_ST7789_16bitRGB\impl\gwsynthesis\SPI_LCD_ST7789.vg" completed
[100%] Generate report file "D:\Users\HUIP\Desktop\SPI_LCD_ST7789_16bitRGB\impl\gwsynthesis\SPI_LCD_ST7789_syn.rpt.html" completed
GowinSynthesis finish
