GowinSynthesis start
Running parser ...
Analyzing Verilog file 'D:\Users\HUIP\Desktop\IIC_OLED_4\src\iic_master.sv'
WARN  (EX2478) : Non-net output port 'recv_data' cannot be initialized at declaration in SystemVerilog mode("D:\Users\HUIP\Desktop\IIC_OLED_4\src\iic_master.sv":18)
WARN  (EX2478) : Non-net output port 'iic_scl' cannot be initialized at declaration in SystemVerilog mode("D:\Users\HUIP\Desktop\IIC_OLED_4\src\iic_master.sv":23)
WARN  (EX3801) : Parameter 'CLK_DIV' becomes localparam in 'iic_master' with formal parameter declaration list("D:\Users\HUIP\Desktop\IIC_OLED_4\src\iic_master.sv":34)
WARN  (EX3801) : Parameter 'STATE_IDLE' becomes localparam in 'iic_master' with formal parameter declaration list("D:\Users\HUIP\Desktop\IIC_OLED_4\src\iic_master.sv":52)
WARN  (EX3801) : Parameter 'STATE_SLAVE_EX' becomes localparam in 'iic_master' with formal parameter declaration list("D:\Users\HUIP\Desktop\IIC_OLED_4\src\iic_master.sv":53)
WARN  (EX3801) : Parameter 'STATE_SLAVE' becomes localparam in 'iic_master' with formal parameter declaration list("D:\Users\HUIP\Desktop\IIC_OLED_4\src\iic_master.sv":54)
WARN  (EX3801) : Parameter 'STATE_REG' becomes localparam in 'iic_master' with formal parameter declaration list("D:\Users\HUIP\Desktop\IIC_OLED_4\src\iic_master.sv":55)
WARN  (EX3801) : Parameter 'STATE_DATA' becomes localparam in 'iic_master' with formal parameter declaration list("D:\Users\HUIP\Desktop\IIC_OLED_4\src\iic_master.sv":56)
WARN  (EX3801) : Parameter 'STATE_ACK' becomes localparam in 'iic_master' with formal parameter declaration list("D:\Users\HUIP\Desktop\IIC_OLED_4\src\iic_master.sv":57)
WARN  (EX3801) : Parameter 'STATE_END' becomes localparam in 'iic_master' with formal parameter declaration list("D:\Users\HUIP\Desktop\IIC_OLED_4\src\iic_master.sv":58)
Analyzing Verilog file 'D:\Users\HUIP\Desktop\IIC_OLED_4\src\oled_ctrl.sv'
WARN  (EX2478) : Non-net output port 'brust_vaild' cannot be initialized at declaration in SystemVerilog mode("D:\Users\HUIP\Desktop\IIC_OLED_4\src\oled_ctrl.sv":10)
WARN  (EX2478) : Non-net output port 'send_en' cannot be initialized at declaration in SystemVerilog mode("D:\Users\HUIP\Desktop\IIC_OLED_4\src\oled_ctrl.sv":12)
WARN  (EX2478) : Non-net output port 'send_addr' cannot be initialized at declaration in SystemVerilog mode("D:\Users\HUIP\Desktop\IIC_OLED_4\src\oled_ctrl.sv":13)
WARN  (EX2478) : Non-net output port 'send_data' cannot be initialized at declaration in SystemVerilog mode("D:\Users\HUIP\Desktop\IIC_OLED_4\src\oled_ctrl.sv":14)
WARN  (EX3801) : Parameter 'DELAY' becomes localparam in 'oled_ctrl' with formal parameter declaration list("D:\Users\HUIP\Desktop\IIC_OLED_4\src\oled_ctrl.sv":17)
WARN  (EX3801) : Parameter 'INIT_CMD_NUM' becomes localparam in 'oled_ctrl' with formal parameter declaration list("D:\Users\HUIP\Desktop\IIC_OLED_4\src\oled_ctrl.sv":19)
WARN  (EX3801) : Parameter 'SET_CMD_NUM' becomes localparam in 'oled_ctrl' with formal parameter declaration list("D:\Users\HUIP\Desktop\IIC_OLED_4\src\oled_ctrl.sv":20)
WARN  (EX3801) : Parameter 'OLED_CMD_REG' becomes localparam in 'oled_ctrl' with formal parameter declaration list("D:\Users\HUIP\Desktop\IIC_OLED_4\src\oled_ctrl.sv":22)
WARN  (EX3801) : Parameter 'OLED_DAT_REG' becomes localparam in 'oled_ctrl' with formal parameter declaration list("D:\Users\HUIP\Desktop\IIC_OLED_4\src\oled_ctrl.sv":23)
WARN  (EX3801) : Parameter 'PAGE_LINE_NUM' becomes localparam in 'oled_ctrl' with formal parameter declaration list("D:\Users\HUIP\Desktop\IIC_OLED_4\src\oled_ctrl.sv":25)
WARN  (EX3801) : Parameter 'PAGE_NUM' becomes localparam in 'oled_ctrl' with formal parameter declaration list("D:\Users\HUIP\Desktop\IIC_OLED_4\src\oled_ctrl.sv":26)
WARN  (EX3801) : Parameter 'STATE_DELAY' becomes localparam in 'oled_ctrl' with formal parameter declaration list("D:\Users\HUIP\Desktop\IIC_OLED_4\src\oled_ctrl.sv":28)
WARN  (EX3801) : Parameter 'STATE_INIT' becomes localparam in 'oled_ctrl' with formal parameter declaration list("D:\Users\HUIP\Desktop\IIC_OLED_4\src\oled_ctrl.sv":29)
WARN  (EX3801) : Parameter 'STATE_CLEAR' becomes localparam in 'oled_ctrl' with formal parameter declaration list("D:\Users\HUIP\Desktop\IIC_OLED_4\src\oled_ctrl.sv":30)
WARN  (EX3801) : Parameter 'STATE_WRITE' becomes localparam in 'oled_ctrl' with formal parameter declaration list("D:\Users\HUIP\Desktop\IIC_OLED_4\src\oled_ctrl.sv":31)
WARN  (EX3801) : Parameter 'STATE_WAIT_BUSY' becomes localparam in 'oled_ctrl' with formal parameter declaration list("D:\Users\HUIP\Desktop\IIC_OLED_4\src\oled_ctrl.sv":32)
WARN  (EX3801) : Parameter 'STATE_WAIT_BRUST' becomes localparam in 'oled_ctrl' with formal parameter declaration list("D:\Users\HUIP\Desktop\IIC_OLED_4\src\oled_ctrl.sv":33)
Analyzing Verilog file 'D:\Users\HUIP\Desktop\IIC_OLED_4\src\oled_ram.sv'
Analyzing Verilog file 'D:\Users\HUIP\Desktop\IIC_OLED_4\src\top.v'
WARN  (EX3788) : Block identifier is required on this block("D:\Users\HUIP\Desktop\IIC_OLED_4\src\top.v":108)
Compiling module 'top'("D:\Users\HUIP\Desktop\IIC_OLED_4\src\top.v":1)
Compiling module 'oled_ram1'("D:\Users\HUIP\Desktop\IIC_OLED_4\src\oled_ram.sv":1)
Extracting RAM for identifier 'ram_data'("D:\Users\HUIP\Desktop\IIC_OLED_4\src\oled_ram.sv":10)
Compiling module 'oled_ram2'("D:\Users\HUIP\Desktop\IIC_OLED_4\src\oled_ram.sv":18)
Extracting RAM for identifier 'ram_data'("D:\Users\HUIP\Desktop\IIC_OLED_4\src\oled_ram.sv":27)
Compiling module 'oled_ram3'("D:\Users\HUIP\Desktop\IIC_OLED_4\src\oled_ram.sv":35)
Extracting RAM for identifier 'ram_data'("D:\Users\HUIP\Desktop\IIC_OLED_4\src\oled_ram.sv":44)
Compiling module 'oled_ram4'("D:\Users\HUIP\Desktop\IIC_OLED_4\src\oled_ram.sv":52)
Extracting RAM for identifier 'ram_data'("D:\Users\HUIP\Desktop\IIC_OLED_4\src\oled_ram.sv":61)
Compiling module 'oled_ctrl(CLK_FRE=27)'("D:\Users\HUIP\Desktop\IIC_OLED_4\src\oled_ctrl.sv":1)
Extracting RAM for identifier 'init_cmd'("D:\Users\HUIP\Desktop\IIC_OLED_4\src\oled_ctrl.sv":42)
Extracting RAM for identifier 'set_cmd'("D:\Users\HUIP\Desktop\IIC_OLED_4\src\oled_ctrl.sv":72)
WARN  (EX3791) : Expression size 4 truncated to fit in target size 3("D:\Users\HUIP\Desktop\IIC_OLED_4\src\oled_ctrl.sv":90)
WARN  (EX3791) : Expression size 12 truncated to fit in target size 11("D:\Users\HUIP\Desktop\IIC_OLED_4\src\oled_ctrl.sv":108)
WARN  (EX3791) : Expression size 4 truncated to fit in target size 3("D:\Users\HUIP\Desktop\IIC_OLED_4\src\oled_ctrl.sv":127)
WARN  (EX3791) : Expression size 12 truncated to fit in target size 11("D:\Users\HUIP\Desktop\IIC_OLED_4\src\oled_ctrl.sv":134)
WARN  (EX3791) : Expression size 12 truncated to fit in target size 11("D:\Users\HUIP\Desktop\IIC_OLED_4\src\oled_ctrl.sv":146)
WARN  (EX3791) : Expression size 4 truncated to fit in target size 3("D:\Users\HUIP\Desktop\IIC_OLED_4\src\oled_ctrl.sv":150)
WARN  (EX3791) : Expression size 5 truncated to fit in target size 4("D:\Users\HUIP\Desktop\IIC_OLED_4\src\oled_ctrl.sv":163)
WARN  (EX3791) : Expression size 12 truncated to fit in target size 11("D:\Users\HUIP\Desktop\IIC_OLED_4\src\oled_ctrl.sv":168)
Compiling module 'iic_master(CLK_FRE=27)'("D:\Users\HUIP\Desktop\IIC_OLED_4\src\iic_master.sv":1)
WARN  (EX3791) : Expression size 11 truncated to fit in target size 10("D:\Users\HUIP\Desktop\IIC_OLED_4\src\iic_master.sv":37)
WARN  (EX3791) : Expression size 5 truncated to fit in target size 4("D:\Users\HUIP\Desktop\IIC_OLED_4\src\iic_master.sv":88)
WARN  (EX3791) : Expression size 3 truncated to fit in target size 2("D:\Users\HUIP\Desktop\IIC_OLED_4\src\iic_master.sv":90)
WARN  (EX3791) : Expression size 4 truncated to fit in target size 3("D:\Users\HUIP\Desktop\IIC_OLED_4\src\iic_master.sv":97)
WARN  (EX3791) : Expression size 5 truncated to fit in target size 4("D:\Users\HUIP\Desktop\IIC_OLED_4\src\iic_master.sv":108)
WARN  (EX3791) : Expression size 3 truncated to fit in target size 2("D:\Users\HUIP\Desktop\IIC_OLED_4\src\iic_master.sv":110)
WARN  (EX3791) : Expression size 4 truncated to fit in target size 3("D:\Users\HUIP\Desktop\IIC_OLED_4\src\iic_master.sv":118)
WARN  (EX3791) : Expression size 5 truncated to fit in target size 4("D:\Users\HUIP\Desktop\IIC_OLED_4\src\iic_master.sv":129)
WARN  (EX3791) : Expression size 3 truncated to fit in target size 2("D:\Users\HUIP\Desktop\IIC_OLED_4\src\iic_master.sv":131)
WARN  (EX3791) : Expression size 5 truncated to fit in target size 4("D:\Users\HUIP\Desktop\IIC_OLED_4\src\iic_master.sv":151)
WARN  (EX3791) : Expression size 3 truncated to fit in target size 2("D:\Users\HUIP\Desktop\IIC_OLED_4\src\iic_master.sv":153)
WARN  (EX3791) : Expression size 3 truncated to fit in target size 2("D:\Users\HUIP\Desktop\IIC_OLED_4\src\iic_master.sv":175)
WARN  (EX3791) : Expression size 3 truncated to fit in target size 2("D:\Users\HUIP\Desktop\IIC_OLED_4\src\iic_master.sv":197)
WARN  (EX3670) : Actual bit length 32 differs from formal bit length 1 for port 'slave_addr_ex'("D:\Users\HUIP\Desktop\IIC_OLED_4\src\top.v":94)
WARN  (EX3670) : Actual bit length 32 differs from formal bit length 1 for port 'slave_addr_ex'("D:\Users\HUIP\Desktop\IIC_OLED_4\src\top.v":94)
WARN  (EX3670) : Actual bit length 32 differs from formal bit length 1 for port 'slave_addr_ex'("D:\Users\HUIP\Desktop\IIC_OLED_4\src\top.v":94)
WARN  (EX3670) : Actual bit length 32 differs from formal bit length 1 for port 'slave_addr_ex'("D:\Users\HUIP\Desktop\IIC_OLED_4\src\top.v":94)
WARN  (EX1947) : Input port 'write_addr[9]' remains unconnected for this instance("D:\Users\HUIP\Desktop\IIC_OLED_4\src\top.v":29)
WARN  (EX1947) : Input port 'write_addr[8]' remains unconnected for this instance("D:\Users\HUIP\Desktop\IIC_OLED_4\src\top.v":29)
WARN  (EX1947) : Input port 'write_addr[7]' remains unconnected for this instance("D:\Users\HUIP\Desktop\IIC_OLED_4\src\top.v":29)
WARN  (EX1947) : Input port 'write_addr[6]' remains unconnected for this instance("D:\Users\HUIP\Desktop\IIC_OLED_4\src\top.v":29)
WARN  (EX1947) : Input port 'write_addr[5]' remains unconnected for this instance("D:\Users\HUIP\Desktop\IIC_OLED_4\src\top.v":29)
WARN  (EX1947) : Input port 'write_addr[4]' remains unconnected for this instance("D:\Users\HUIP\Desktop\IIC_OLED_4\src\top.v":29)
WARN  (EX1947) : Input port 'write_addr[3]' remains unconnected for this instance("D:\Users\HUIP\Desktop\IIC_OLED_4\src\top.v":29)
WARN  (EX1947) : Input port 'write_addr[2]' remains unconnected for this instance("D:\Users\HUIP\Desktop\IIC_OLED_4\src\top.v":29)
WARN  (EX1947) : Input port 'write_addr[1]' remains unconnected for this instance("D:\Users\HUIP\Desktop\IIC_OLED_4\src\top.v":29)
WARN  (EX1947) : Input port 'write_addr[0]' remains unconnected for this instance("D:\Users\HUIP\Desktop\IIC_OLED_4\src\top.v":29)
WARN  (EX1947) : Input port 'write_data[7]' remains unconnected for this instance("D:\Users\HUIP\Desktop\IIC_OLED_4\src\top.v":29)
WARN  (EX1947) : Input port 'write_data[6]' remains unconnected for this instance("D:\Users\HUIP\Desktop\IIC_OLED_4\src\top.v":29)
WARN  (EX1947) : Input port 'write_data[5]' remains unconnected for this instance("D:\Users\HUIP\Desktop\IIC_OLED_4\src\top.v":29)
WARN  (EX1947) : Input port 'write_data[4]' remains unconnected for this instance("D:\Users\HUIP\Desktop\IIC_OLED_4\src\top.v":29)
WARN  (EX1947) : Input port 'write_data[3]' remains unconnected for this instance("D:\Users\HUIP\Desktop\IIC_OLED_4\src\top.v":29)
WARN  (EX1947) : Input port 'write_data[2]' remains unconnected for this instance("D:\Users\HUIP\Desktop\IIC_OLED_4\src\top.v":29)
WARN  (EX1947) : Input port 'write_data[1]' remains unconnected for this instance("D:\Users\HUIP\Desktop\IIC_OLED_4\src\top.v":29)
WARN  (EX1947) : Input port 'write_data[0]' remains unconnected for this instance("D:\Users\HUIP\Desktop\IIC_OLED_4\src\top.v":29)
WARN  (EX1947) : Input port 'write_addr[9]' remains unconnected for this instance("D:\Users\HUIP\Desktop\IIC_OLED_4\src\top.v":39)
WARN  (EX1947) : Input port 'write_addr[8]' remains unconnected for this instance("D:\Users\HUIP\Desktop\IIC_OLED_4\src\top.v":39)
WARN  (EX1947) : Input port 'write_addr[7]' remains unconnected for this instance("D:\Users\HUIP\Desktop\IIC_OLED_4\src\top.v":39)
WARN  (EX1947) : Input port 'write_addr[6]' remains unconnected for this instance("D:\Users\HUIP\Desktop\IIC_OLED_4\src\top.v":39)
WARN  (EX1947) : Input port 'write_addr[5]' remains unconnected for this instance("D:\Users\HUIP\Desktop\IIC_OLED_4\src\top.v":39)
WARN  (EX1947) : Input port 'write_addr[4]' remains unconnected for this instance("D:\Users\HUIP\Desktop\IIC_OLED_4\src\top.v":39)
WARN  (EX1947) : Input port 'write_addr[3]' remains unconnected for this instance("D:\Users\HUIP\Desktop\IIC_OLED_4\src\top.v":39)
WARN  (EX1947) : Input port 'write_addr[2]' remains unconnected for this instance("D:\Users\HUIP\Desktop\IIC_OLED_4\src\top.v":39)
WARN  (EX1947) : Input port 'write_addr[1]' remains unconnected for this instance("D:\Users\HUIP\Desktop\IIC_OLED_4\src\top.v":39)
WARN  (EX1947) : Input port 'write_addr[0]' remains unconnected for this instance("D:\Users\HUIP\Desktop\IIC_OLED_4\src\top.v":39)
WARN  (EX1947) : Input port 'write_data[7]' remains unconnected for this instance("D:\Users\HUIP\Desktop\IIC_OLED_4\src\top.v":39)
WARN  (EX1947) : Input port 'write_data[6]' remains unconnected for this instance("D:\Users\HUIP\Desktop\IIC_OLED_4\src\top.v":39)
WARN  (EX1947) : Input port 'write_data[5]' remains unconnected for this instance("D:\Users\HUIP\Desktop\IIC_OLED_4\src\top.v":39)
WARN  (EX1947) : Input port 'write_data[4]' remains unconnected for this instance("D:\Users\HUIP\Desktop\IIC_OLED_4\src\top.v":39)
WARN  (EX1947) : Input port 'write_data[3]' remains unconnected for this instance("D:\Users\HUIP\Desktop\IIC_OLED_4\src\top.v":39)
WARN  (EX1947) : Input port 'write_data[2]' remains unconnected for this instance("D:\Users\HUIP\Desktop\IIC_OLED_4\src\top.v":39)
WARN  (EX1947) : Input port 'write_data[1]' remains unconnected for this instance("D:\Users\HUIP\Desktop\IIC_OLED_4\src\top.v":39)
WARN  (EX1947) : Input port 'write_data[0]' remains unconnected for this instance("D:\Users\HUIP\Desktop\IIC_OLED_4\src\top.v":39)
WARN  (EX1947) : Input port 'write_addr[9]' remains unconnected for this instance("D:\Users\HUIP\Desktop\IIC_OLED_4\src\top.v":49)
WARN  (EX1947) : Input port 'write_addr[8]' remains unconnected for this instance("D:\Users\HUIP\Desktop\IIC_OLED_4\src\top.v":49)
WARN  (EX1947) : Input port 'write_addr[7]' remains unconnected for this instance("D:\Users\HUIP\Desktop\IIC_OLED_4\src\top.v":49)
WARN  (EX1947) : Input port 'write_addr[6]' remains unconnected for this instance("D:\Users\HUIP\Desktop\IIC_OLED_4\src\top.v":49)
WARN  (EX1947) : Input port 'write_addr[5]' remains unconnected for this instance("D:\Users\HUIP\Desktop\IIC_OLED_4\src\top.v":49)
WARN  (EX1947) : Input port 'write_addr[4]' remains unconnected for this instance("D:\Users\HUIP\Desktop\IIC_OLED_4\src\top.v":49)
WARN  (EX1947) : Input port 'write_addr[3]' remains unconnected for this instance("D:\Users\HUIP\Desktop\IIC_OLED_4\src\top.v":49)
WARN  (EX1947) : Input port 'write_addr[2]' remains unconnected for this instance("D:\Users\HUIP\Desktop\IIC_OLED_4\src\top.v":49)
WARN  (EX1947) : Input port 'write_addr[1]' remains unconnected for this instance("D:\Users\HUIP\Desktop\IIC_OLED_4\src\top.v":49)
WARN  (EX1947) : Input port 'write_addr[0]' remains unconnected for this instance("D:\Users\HUIP\Desktop\IIC_OLED_4\src\top.v":49)
WARN  (EX1947) : Input port 'write_data[7]' remains unconnected for this instance("D:\Users\HUIP\Desktop\IIC_OLED_4\src\top.v":49)
WARN  (EX1947) : Input port 'write_data[6]' remains unconnected for this instance("D:\Users\HUIP\Desktop\IIC_OLED_4\src\top.v":49)
WARN  (EX1947) : Input port 'write_data[5]' remains unconnected for this instance("D:\Users\HUIP\Desktop\IIC_OLED_4\src\top.v":49)
WARN  (EX1947) : Input port 'write_data[4]' remains unconnected for this instance("D:\Users\HUIP\Desktop\IIC_OLED_4\src\top.v":49)
WARN  (EX1947) : Input port 'write_data[3]' remains unconnected for this instance("D:\Users\HUIP\Desktop\IIC_OLED_4\src\top.v":49)
WARN  (EX1947) : Input port 'write_data[2]' remains unconnected for this instance("D:\Users\HUIP\Desktop\IIC_OLED_4\src\top.v":49)
WARN  (EX1947) : Input port 'write_data[1]' remains unconnected for this instance("D:\Users\HUIP\Desktop\IIC_OLED_4\src\top.v":49)
WARN  (EX1947) : Input port 'write_data[0]' remains unconnected for this instance("D:\Users\HUIP\Desktop\IIC_OLED_4\src\top.v":49)
WARN  (EX1947) : Input port 'write_addr[9]' remains unconnected for this instance("D:\Users\HUIP\Desktop\IIC_OLED_4\src\top.v":59)
WARN  (EX1947) : Input port 'write_addr[8]' remains unconnected for this instance("D:\Users\HUIP\Desktop\IIC_OLED_4\src\top.v":59)
WARN  (EX1947) : Input port 'write_addr[7]' remains unconnected for this instance("D:\Users\HUIP\Desktop\IIC_OLED_4\src\top.v":59)
WARN  (EX1947) : Input port 'write_addr[6]' remains unconnected for this instance("D:\Users\HUIP\Desktop\IIC_OLED_4\src\top.v":59)
WARN  (EX1947) : Input port 'write_addr[5]' remains unconnected for this instance("D:\Users\HUIP\Desktop\IIC_OLED_4\src\top.v":59)
WARN  (EX1947) : Input port 'write_addr[4]' remains unconnected for this instance("D:\Users\HUIP\Desktop\IIC_OLED_4\src\top.v":59)
WARN  (EX1947) : Input port 'write_addr[3]' remains unconnected for this instance("D:\Users\HUIP\Desktop\IIC_OLED_4\src\top.v":59)
WARN  (EX1947) : Input port 'write_addr[2]' remains unconnected for this instance("D:\Users\HUIP\Desktop\IIC_OLED_4\src\top.v":59)
WARN  (EX1947) : Input port 'write_addr[1]' remains unconnected for this instance("D:\Users\HUIP\Desktop\IIC_OLED_4\src\top.v":59)
WARN  (EX1947) : Input port 'write_addr[0]' remains unconnected for this instance("D:\Users\HUIP\Desktop\IIC_OLED_4\src\top.v":59)
WARN  (EX1947) : Input port 'write_data[7]' remains unconnected for this instance("D:\Users\HUIP\Desktop\IIC_OLED_4\src\top.v":59)
WARN  (EX1947) : Input port 'write_data[6]' remains unconnected for this instance("D:\Users\HUIP\Desktop\IIC_OLED_4\src\top.v":59)
WARN  (EX1947) : Input port 'write_data[5]' remains unconnected for this instance("D:\Users\HUIP\Desktop\IIC_OLED_4\src\top.v":59)
WARN  (EX1947) : Input port 'write_data[4]' remains unconnected for this instance("D:\Users\HUIP\Desktop\IIC_OLED_4\src\top.v":59)
WARN  (EX1947) : Input port 'write_data[3]' remains unconnected for this instance("D:\Users\HUIP\Desktop\IIC_OLED_4\src\top.v":59)
WARN  (EX1947) : Input port 'write_data[2]' remains unconnected for this instance("D:\Users\HUIP\Desktop\IIC_OLED_4\src\top.v":59)
WARN  (EX1947) : Input port 'write_data[1]' remains unconnected for this instance("D:\Users\HUIP\Desktop\IIC_OLED_4\src\top.v":59)
WARN  (EX1947) : Input port 'write_data[0]' remains unconnected for this instance("D:\Users\HUIP\Desktop\IIC_OLED_4\src\top.v":59)
NOTE  (EX0101) : Current top module is "top"
WARN  (EX0211) : The output port "recv_data[7]" of module "iic_master(CLK_FRE=27)" has no driver("D:\Users\HUIP\Desktop\IIC_OLED_4\src\iic_master.sv":18)
WARN  (EX0211) : The output port "recv_data[6]" of module "iic_master(CLK_FRE=27)" has no driver("D:\Users\HUIP\Desktop\IIC_OLED_4\src\iic_master.sv":18)
WARN  (EX0211) : The output port "recv_data[5]" of module "iic_master(CLK_FRE=27)" has no driver("D:\Users\HUIP\Desktop\IIC_OLED_4\src\iic_master.sv":18)
WARN  (EX0211) : The output port "recv_data[4]" of module "iic_master(CLK_FRE=27)" has no driver("D:\Users\HUIP\Desktop\IIC_OLED_4\src\iic_master.sv":18)
WARN  (EX0211) : The output port "recv_data[3]" of module "iic_master(CLK_FRE=27)" has no driver("D:\Users\HUIP\Desktop\IIC_OLED_4\src\iic_master.sv":18)
WARN  (EX0211) : The output port "recv_data[2]" of module "iic_master(CLK_FRE=27)" has no driver("D:\Users\HUIP\Desktop\IIC_OLED_4\src\iic_master.sv":18)
WARN  (EX0211) : The output port "recv_data[1]" of module "iic_master(CLK_FRE=27)" has no driver("D:\Users\HUIP\Desktop\IIC_OLED_4\src\iic_master.sv":18)
WARN  (EX0211) : The output port "recv_data[0]" of module "iic_master(CLK_FRE=27)" has no driver("D:\Users\HUIP\Desktop\IIC_OLED_4\src\iic_master.sv":18)
[5%] Running netlist conversion ...
Running device independent optimization ...
[10%] Optimizing Phase 0 completed
[15%] Optimizing Phase 1 completed
[25%] Optimizing Phase 2 completed
Running inference ...
[30%] Inferring Phase 0 completed
[40%] Inferring Phase 1 completed
[50%] Inferring Phase 2 completed
[55%] Inferring Phase 3 completed
Running technical mapping ...
[60%] Tech-Mapping Phase 0 completed
[65%] Tech-Mapping Phase 1 completed
[75%] Tech-Mapping Phase 2 completed
[80%] Tech-Mapping Phase 3 completed
[90%] Tech-Mapping Phase 4 completed
WARN  (NL0002) : The module "oled_ram1" instantiated to "oled1_ram_m0" is swept in optimizing("D:\Users\HUIP\Desktop\IIC_OLED_4\src\top.v":29)
[95%] Generate netlist file "D:\Users\HUIP\Desktop\IIC_OLED_4\impl\gwsynthesis\IIC_OLED_4.vg" completed
[100%] Generate report file "D:\Users\HUIP\Desktop\IIC_OLED_4\impl\gwsynthesis\IIC_OLED_4_syn.rpt.html" completed
GowinSynthesis finish
