GowinSynthesis start
Running parser ...
Analyzing Verilog file 'D:\Users\HUIP\Desktop\VGA_GuessHand\src\display.sv'
Analyzing Verilog file 'D:\Users\HUIP\Desktop\VGA_GuessHand\src\game_ctrl.sv'
WARN  (EX2478) : Non-net output port 'show' cannot be initialized at declaration in SystemVerilog mode("D:\Users\HUIP\Desktop\VGA_GuessHand\src\game_ctrl.sv":8)
WARN  (EX2478) : Non-net output port 'hand' cannot be initialized at declaration in SystemVerilog mode("D:\Users\HUIP\Desktop\VGA_GuessHand\src\game_ctrl.sv":9)
WARN  (EX2478) : Non-net output port 'score' cannot be initialized at declaration in SystemVerilog mode("D:\Users\HUIP\Desktop\VGA_GuessHand\src\game_ctrl.sv":10)
Analyzing Verilog file 'D:\Users\HUIP\Desktop\VGA_GuessHand\src\gowin_rpll\video_pll.v'
Analyzing Verilog file 'D:\Users\HUIP\Desktop\VGA_GuessHand\src\rgb_timing.sv'
Analyzing Verilog file 'D:\Users\HUIP\Desktop\VGA_GuessHand\src\top.sv'
Undeclared symbol 'rgb_clk', assumed default net type 'wire'("D:\Users\HUIP\Desktop\VGA_GuessHand\src\top.sv":26)
WARN  (EX3638) : 'rgb_clk' is already implicitly declared on line 26("D:\Users\HUIP\Desktop\VGA_GuessHand\src\top.sv":30)
Undeclared symbol 'show', assumed default net type 'wire'("D:\Users\HUIP\Desktop\VGA_GuessHand\src\top.sv":53)
Undeclared symbol 'hand', assumed default net type 'wire'("D:\Users\HUIP\Desktop\VGA_GuessHand\src\top.sv":54)
Undeclared symbol 'score', assumed default net type 'wire'("D:\Users\HUIP\Desktop\VGA_GuessHand\src\top.sv":55)
WARN  (EX3638) : 'show' is already implicitly declared on line 53("D:\Users\HUIP\Desktop\VGA_GuessHand\src\top.sv":78)
WARN  (EX3638) : 'hand' is already implicitly declared on line 54("D:\Users\HUIP\Desktop\VGA_GuessHand\src\top.sv":79)
WARN  (EX3638) : 'score' is already implicitly declared on line 55("D:\Users\HUIP\Desktop\VGA_GuessHand\src\top.sv":80)
Analyzing Verilog file 'D:\Users\HUIP\Desktop\VGA_GuessHand\src\uart_rx.v'
Compiling module 'top'("D:\Users\HUIP\Desktop\VGA_GuessHand\src\top.sv":1)
Compiling module 'video_pll'("D:\Users\HUIP\Desktop\VGA_GuessHand\src\gowin_rpll\video_pll.v":9)
Compiling module 'rgb_timing'("D:\Users\HUIP\Desktop\VGA_GuessHand\src\rgb_timing.sv":1)
Compiling module 'display'("D:\Users\HUIP\Desktop\VGA_GuessHand\src\display.sv":1)
Extracting RAM for identifier 'rom_back'("D:\Users\HUIP\Desktop\VGA_GuessHand\src\display.sv":109)
Extracting RAM for identifier 'rom_select'("D:\Users\HUIP\Desktop\VGA_GuessHand\src\display.sv":115)
Extracting RAM for identifier 'rom_hand'("D:\Users\HUIP\Desktop\VGA_GuessHand\src\display.sv":121)
WARN  (EX3791) : Expression size 30 truncated to fit in target size 6("D:\Users\HUIP\Desktop\VGA_GuessHand\src\display.sv":52)
WARN  (EX3791) : Expression size 32 truncated to fit in target size 8("D:\Users\HUIP\Desktop\VGA_GuessHand\src\display.sv":55)
WARN  (EX3791) : Expression size 32 truncated to fit in target size 8("D:\Users\HUIP\Desktop\VGA_GuessHand\src\display.sv":58)
WARN  (EX3791) : Expression size 19 truncated to fit in target size 15("D:\Users\HUIP\Desktop\VGA_GuessHand\src\display.sv":60)
Compiling module 'uart_rx(BAUD_RATE=9600)'("D:\Users\HUIP\Desktop\VGA_GuessHand\src\uart_rx.v":1)
Compiling module 'game_ctrl'("D:\Users\HUIP\Desktop\VGA_GuessHand\src\game_ctrl.sv":1)
NOTE  (EX0101) : Current top module is "top"
WARN  (EX0206) : Instance "rpll_inst" 's parameter "DEVICE" value invalid("D:\Users\HUIP\Desktop\VGA_GuessHand\src\gowin_rpll\video_pll.v":38)
[5%] Running netlist conversion ...
WARN  (CV0016) : Input ble_rx is unused("D:\Users\HUIP\Desktop\VGA_GuessHand\src\top.sv":5)
Running device independent optimization ...
[10%] Optimizing Phase 0 completed
[15%] Optimizing Phase 1 completed
[25%] Optimizing Phase 2 completed
Running inference ...
[30%] Inferring Phase 0 completed
[40%] Inferring Phase 1 completed
[50%] Inferring Phase 2 completed
[55%] Inferring Phase 3 completed
Running technical mapping ...
[60%] Tech-Mapping Phase 0 completed
[65%] Tech-Mapping Phase 1 completed
[75%] Tech-Mapping Phase 2 completed
[80%] Tech-Mapping Phase 3 completed
[90%] Tech-Mapping Phase 4 completed
[95%] Generate netlist file "D:\Users\HUIP\Desktop\VGA_GuessHand\impl\gwsynthesis\VGA_GuessHand.vg" completed
[100%] Generate report file "D:\Users\HUIP\Desktop\VGA_GuessHand\impl\gwsynthesis\VGA_GuessHand_syn.rpt.html" completed
GowinSynthesis finish
