Reading netlist file: "E:\EP4CE6F17C8\module\GOWIN\SK9822\impl\gwsynthesis\SK9822.vg"
Parsing netlist file "E:\EP4CE6F17C8\module\GOWIN\SK9822\impl\gwsynthesis\SK9822.vg" completed
Processing netlist completed
Reading constraint file: "E:\EP4CE6F17C8\module\GOWIN\SK9822\src\top.cst"
Physical Constraint parsed completed
Running placement......
[10%] Placement Phase 0 completed
[20%] Placement Phase 1 completed
[30%] Placement Phase 2 completed
[50%] Placement Phase 3 completed
Running routing......
[60%] Routing Phase 0 completed
[70%] Routing Phase 1 completed
[80%] Routing Phase 2 completed
[90%] Routing Phase 3 completed
Running timing analysis......
[95%] Timing analysis completed
Placement and routing completed
Bitstream generation in progress......
Bitstream generation completed
Running power analysis......
[100%] Power analysis completed
Generate file "E:\EP4CE6F17C8\module\GOWIN\SK9822\impl\pnr\SK9822.power.html" completed
Generate file "E:\EP4CE6F17C8\module\GOWIN\SK9822\impl\pnr\SK9822.pin.html" completed
Generate file "E:\EP4CE6F17C8\module\GOWIN\SK9822\impl\pnr\SK9822.rpt.html" completed
Generate file "E:\EP4CE6F17C8\module\GOWIN\SK9822\impl\pnr\SK9822.rpt.txt" completed
Generate file "E:\EP4CE6F17C8\module\GOWIN\SK9822\impl\pnr\SK9822.tr.html" completed
Wed Sep 28 14:24:38 2022

