Reading netlist file: "D:\Users\HUIP\Desktop\IIC_OLED_4\impl\gwsynthesis\IIC_OLED_4.vg"
Parsing netlist file "D:\Users\HUIP\Desktop\IIC_OLED_4\impl\gwsynthesis\IIC_OLED_4.vg" completed
Processing netlist completed
Reading constraint file: "D:\Users\HUIP\Desktop\IIC_OLED_4\src\top.cst"
Physical Constraint parsed completed
Running placement......
[10%] Placement Phase 0 completed
[20%] Placement Phase 1 completed
[30%] Placement Phase 2 completed
[50%] Placement Phase 3 completed
Running routing......
[60%] Routing Phase 0 completed
[70%] Routing Phase 1 completed
[80%] Routing Phase 2 completed
[90%] Routing Phase 3 completed
Running timing analysis......
[95%] Timing analysis completed
Placement and routing completed
Bitstream generation in progress......
Bitstream generation completed
Running power analysis......
[100%] Power analysis completed
Generate file "D:\Users\HUIP\Desktop\IIC_OLED_4\impl\pnr\IIC_OLED_4.power.html" completed
Generate file "D:\Users\HUIP\Desktop\IIC_OLED_4\impl\pnr\IIC_OLED_4.pin.html" completed
Generate file "D:\Users\HUIP\Desktop\IIC_OLED_4\impl\pnr\IIC_OLED_4.rpt.html" completed
Generate file "D:\Users\HUIP\Desktop\IIC_OLED_4\impl\pnr\IIC_OLED_4.rpt.txt" completed
Generate file "D:\Users\HUIP\Desktop\IIC_OLED_4\impl\pnr\IIC_OLED_4.tr.html" completed
Tue Oct 18 22:03:17 2022

