Reading netlist file: "E:\EP4CE6F17C8\module\GOWIN\OV5640_LCD800_FIFO\impl\gwsynthesis\top.vg"
Parsing netlist file "E:\EP4CE6F17C8\module\GOWIN\OV5640_LCD800_FIFO\impl\gwsynthesis\top.vg" completed
Processing netlist completed
Reading constraint file: "E:\EP4CE6F17C8\module\GOWIN\OV5640_LCD800_FIFO\src\top.cst"
Physical Constraint parsed completed
Running placement......
[10%] Placement Phase 0 completed
[20%] Placement Phase 1 completed
[30%] Placement Phase 2 completed
WARN  (TA1117) : Can't calculate clocks' relationship between: "cmos_vsync" and "sys_pll_m0/rpll_inst/CLKOUT.default_gen_clk"
WARN  (TA1117) : Can't calculate clocks' relationship between: "cmos_pclk" and "sys_pll_m0/rpll_inst/CLKOUT.default_gen_clk"
WARN  (TA1117) : Can't calculate clocks' relationship between: "sys_pll_m0/rpll_inst/CLKOUT.default_gen_clk" and "cmos_pclk"
WARN  (TA1117) : Can't calculate clocks' relationship between: "sys_pll_m0/rpll_inst/CLKOUT.default_gen_clk" and "video_timing_data_m0/video_fifo_m0/fifo_inst/wfull_val"
[50%] Placement Phase 3 completed
Running routing......
[60%] Routing Phase 0 completed
[70%] Routing Phase 1 completed
[80%] Routing Phase 2 completed
WARN  (PR1014) : Generic routing resource will be used to clock signal 'cmos_vsync_d' by the specified constraint. And then it may lead to the excessive delay or skew
WARN  (PR1014) : Generic routing resource will be used to clock signal 'cmos_pclk_d' by the specified constraint. And then it may lead to the excessive delay or skew
[90%] Routing Phase 3 completed
Running timing analysis......
[95%] Timing analysis completed
Placement and routing completed
Bitstream generation in progress......
Bitstream generation completed
Running power analysis......
[100%] Power analysis completed
Generate file "E:\EP4CE6F17C8\module\GOWIN\OV5640_LCD800_FIFO\impl\pnr\top.power.html" completed
Generate file "E:\EP4CE6F17C8\module\GOWIN\OV5640_LCD800_FIFO\impl\pnr\top.pin.html" completed
Generate file "E:\EP4CE6F17C8\module\GOWIN\OV5640_LCD800_FIFO\impl\pnr\top.rpt.html" completed
Generate file "E:\EP4CE6F17C8\module\GOWIN\OV5640_LCD800_FIFO\impl\pnr\top.rpt.txt" completed
Generate file "E:\EP4CE6F17C8\module\GOWIN\OV5640_LCD800_FIFO\impl\pnr\top.tr.html" completed
Mon Aug 22 17:41:44 2022

